#:C0     
#Xilinx FPGA Editor Command Log File
#Editor Version:
#:V   NT M2.1 P.49d
#Current Working Directory:
#:D   E:\Lab2\Lab2
#Date/Time:
#:T   Tue Feb 18 16:30:55 2020
#------------------------------
	#Reading top_mod.ncd...
	#Loading device for application Rf_Device from file '6slx45.nph' in environment C:\Xilinx\14.4\ISE_DS\ISE\.
	#   "top_mod" is an NCD, version 3.2, device xc6slx45, package csg324, speed -3
	#Design creation date: 2020.02.18.08.16.46
	#Building chip graphics...
	#Loading speed info...
	#1
setattr main edit-mode no-logic-changes
	#2
unselect -all
	#3
select site 'SLICE_X43Y82'
	#site "SLICE_X43Y82",  type = SLICEX  (RPM grid X119Y328)
